TN:
SF:src\components\FormUncontrolled\FormUncontrolled.tsx
FN:10,(anonymous_10)
FN:12,(anonymous_11)
FN:28,(anonymous_12)
FN:75,(anonymous_13)
FN:83,(anonymous_14)
FN:91,(anonymous_15)
FN:95,(anonymous_16)
FN:105,(anonymous_17)
FN:130,(anonymous_18)
FN:206,(anonymous_19)
FNF:10
FNH:9
FNDA:2,(anonymous_10)
FNDA:2,(anonymous_11)
FNDA:1,(anonymous_12)
FNDA:1,(anonymous_13)
FNDA:0,(anonymous_14)
FNDA:1,(anonymous_15)
FNDA:1,(anonymous_16)
FNDA:1,(anonymous_17)
FNDA:16,(anonymous_18)
FNDA:2,(anonymous_19)
DA:1,1
DA:2,1
DA:3,1
DA:4,1
DA:10,1
DA:11,2
DA:12,2
DA:14,2
DA:25,2
DA:26,2
DA:28,2
DA:29,1
DA:31,1
DA:32,1
DA:33,1
DA:34,1
DA:35,1
DA:36,1
DA:37,1
DA:38,1
DA:40,1
DA:41,0
DA:43,1
DA:44,0
DA:46,1
DA:47,0
DA:49,1
DA:53,0
DA:56,1
DA:57,0
DA:59,1
DA:60,0
DA:62,1
DA:63,0
DA:65,1
DA:66,0
DA:68,1
DA:69,0
DA:72,1
DA:75,2
DA:76,1
DA:77,1
DA:79,1
DA:80,1
DA:82,1
DA:83,0
DA:87,0
DA:90,1
DA:91,1
DA:92,1
DA:93,1
DA:94,1
DA:95,1
DA:96,1
DA:97,1
DA:98,1
DA:102,1
DA:105,2
DA:106,1
DA:107,1
DA:108,1
DA:109,0
DA:110,0
DA:113,1
DA:127,1
DA:130,2
DA:136,16
DA:143,2
DA:207,2
DA:232,1
LF:70
LH:57
BRDA:31,0,0,1
BRDA:31,0,1,0
BRDA:32,1,0,1
BRDA:32,1,1,0
BRDA:33,2,0,1
BRDA:33,2,1,0
BRDA:34,3,0,1
BRDA:34,3,1,0
BRDA:35,4,0,1
BRDA:35,4,1,0
BRDA:36,5,0,1
BRDA:36,5,1,0
BRDA:37,6,0,1
BRDA:37,6,1,0
BRDA:38,7,0,1
BRDA:38,7,1,0
BRDA:40,8,0,0
BRDA:40,8,1,1
BRDA:40,9,0,1
BRDA:40,9,1,1
BRDA:43,10,0,0
BRDA:43,10,1,1
BRDA:43,11,0,1
BRDA:43,11,1,1
BRDA:46,12,0,0
BRDA:46,12,1,1
BRDA:46,13,0,1
BRDA:46,13,1,1
BRDA:49,14,0,0
BRDA:49,14,1,1
BRDA:50,15,0,1
BRDA:50,15,1,1
BRDA:56,16,0,0
BRDA:56,16,1,1
BRDA:59,17,0,0
BRDA:59,17,1,1
BRDA:62,18,0,0
BRDA:62,18,1,1
BRDA:65,19,0,0
BRDA:65,19,1,1
BRDA:68,20,0,0
BRDA:68,20,1,1
BRDA:77,21,0,0
BRDA:77,21,1,1
BRDA:82,22,0,0
BRDA:82,22,1,1
BRDA:82,23,0,1
BRDA:82,23,1,1
BRDA:93,24,0,1
BRDA:93,24,1,0
BRDA:108,25,0,0
BRDA:108,25,1,1
BRDA:115,26,0,1
BRDA:115,26,1,0
BRDA:116,27,0,1
BRDA:116,27,1,0
BRDA:117,28,0,1
BRDA:117,28,1,0
BRDA:118,29,0,1
BRDA:118,29,1,0
BRDA:119,30,0,1
BRDA:119,30,1,0
BRDA:120,31,0,1
BRDA:120,31,1,0
BRDA:121,32,0,1
BRDA:121,32,1,0
BRDA:123,33,0,1
BRDA:123,33,1,0
BRDA:139,34,0,16
BRDA:139,34,1,0
BRDA:220,35,0,2
BRDA:220,35,1,0
BRF:72
BRH:41
end_of_record
TN:
SF:src\components\Modal\Modal.tsx
FN:9,(anonymous_10)
FN:12,(anonymous_11)
FN:13,(anonymous_12)
FN:17,(anonymous_13)
FN:20,(anonymous_14)
FN:26,(anonymous_15)
FN:28,(anonymous_16)
FNF:7
FNH:7
FNDA:3,(anonymous_10)
FNDA:3,(anonymous_11)
FNDA:1,(anonymous_12)
FNDA:3,(anonymous_13)
FNDA:2,(anonymous_14)
FNDA:3,(anonymous_15)
FNDA:3,(anonymous_16)
DA:1,1
DA:2,1
DA:9,1
DA:10,3
DA:12,3
DA:13,3
DA:14,1
DA:16,3
DA:17,3
DA:20,3
DA:21,2
DA:22,1
DA:26,3
DA:27,3
DA:28,3
DA:31,3
DA:40,1
LF:17
LH:17
BRDA:14,0,0,1
BRDA:14,0,1,0
BRDA:21,1,0,1
BRDA:21,1,1,1
BRDA:21,2,0,2
BRDA:21,2,1,2
BRF:6
BRH:5
end_of_record
TN:
SF:src\components\Tile\Tile.tsx
FN:17,(anonymous_9)
FN:31,(anonymous_10)
FN:33,(anonymous_11)
FN:34,(anonymous_12)
FNF:4
FNH:4
FNDA:2,(anonymous_9)
FNDA:1,(anonymous_10)
FNDA:1,(anonymous_11)
FNDA:1,(anonymous_12)
DA:1,1
DA:2,1
DA:17,1
DA:29,2
DA:31,2
DA:32,1
DA:33,1
DA:34,1
DA:38,2
DA:75,1
LF:10
LH:10
BRDA:27,0,0,0
BRDA:32,1,0,1
BRDA:32,1,1,0
BRDA:39,2,0,1
BRDA:39,2,1,1
BRDA:59,3,0,2
BRDA:59,3,1,0
BRDA:64,4,0,2
BRDA:64,4,1,2
BRF:9
BRH:6
end_of_record
TN:
SF:src\store\formSlice.ts
FN:50,(anonymous_0)
FNF:1
FNH:0
FNDA:0,(anonymous_0)
DA:1,1
DA:25,1
DA:46,1
DA:51,0
DA:59,1
DA:60,1
LF:6
LH:5
BRF:0
BRH:0
end_of_record
